2022-04-08 14:17:15,978 [main] ERROR [org.springframework.boot.SpringApplication] SpringApplication.java:823 - Application run failed
java.lang.IllegalStateException: Failed to execute ApplicationRunner
	at org.springframework.boot.SpringApplication.callRunner(SpringApplication.java:775)
	at org.springframework.boot.SpringApplication.callRunners(SpringApplication.java:762)
	at org.springframework.boot.SpringApplication.run(SpringApplication.java:319)
	at org.springframework.boot.SpringApplication.run(SpringApplication.java:1215)
	at org.springframework.boot.SpringApplication.run(SpringApplication.java:1204)
	at com.takeoff.iot.modbus.App.main(App.java:9)
Caused by: java.nio.channels.ClosedChannelException: null
	at io.netty.channel.AbstractChannel$AbstractUnsafe.newClosedChannelException(AbstractChannel.java:955)
	at io.netty.channel.AbstractChannel$AbstractUnsafe.ensureOpen(AbstractChannel.java:974)
	at io.netty.channel.AbstractChannel$AbstractUnsafe.bind(AbstractChannel.java:532)
	at io.netty.channel.DefaultChannelPipeline$HeadContext.bind(DefaultChannelPipeline.java:1345)
	at io.netty.channel.AbstractChannelHandlerContext.invokeBind(AbstractChannelHandlerContext.java:503)
	at io.netty.channel.AbstractChannelHandlerContext.bind(AbstractChannelHandlerContext.java:488)
	at io.netty.channel.DefaultChannelPipeline.bind(DefaultChannelPipeline.java:984)
	at io.netty.channel.AbstractChannel.bind(AbstractChannel.java:247)
	at io.netty.bootstrap.AbstractBootstrap$2.run(AbstractBootstrap.java:355)
	at io.netty.util.concurrent.AbstractEventExecutor.safeExecute$$$capture(AbstractEventExecutor.java:163)
	at io.netty.util.concurrent.AbstractEventExecutor.safeExecute(AbstractEventExecutor.java)
	at io.netty.util.concurrent.SingleThreadEventExecutor.runAllTasks(SingleThreadEventExecutor.java:416)
	at io.netty.channel.nio.NioEventLoop.run(NioEventLoop.java:515)
	at io.netty.util.concurrent.SingleThreadEventExecutor$5.run(SingleThreadEventExecutor.java:918)
	at io.netty.util.internal.ThreadExecutorMap$2.run(ThreadExecutorMap.java:74)
	at io.netty.util.concurrent.FastThreadLocalRunnable.run(FastThreadLocalRunnable.java:30)
	at java.lang.Thread.run(Thread.java:748)
2022-04-08 14:28:02,201 [main] ERROR [org.springframework.boot.SpringApplication] SpringApplication.java:823 - Application run failed
java.lang.IllegalStateException: Failed to execute ApplicationRunner
	at org.springframework.boot.SpringApplication.callRunner(SpringApplication.java:775)
	at org.springframework.boot.SpringApplication.callRunners(SpringApplication.java:762)
	at org.springframework.boot.SpringApplication.run(SpringApplication.java:319)
	at org.springframework.boot.SpringApplication.run(SpringApplication.java:1215)
	at org.springframework.boot.SpringApplication.run(SpringApplication.java:1204)
	at com.takeoff.iot.modbus.App.main(App.java:9)
Caused by: java.nio.channels.ClosedChannelException: null
	at io.netty.channel.AbstractChannel$AbstractUnsafe.newClosedChannelException(AbstractChannel.java:955)
	at io.netty.channel.AbstractChannel$AbstractUnsafe.ensureOpen(AbstractChannel.java:974)
	at io.netty.channel.AbstractChannel$AbstractUnsafe.bind(AbstractChannel.java:532)
	at io.netty.channel.DefaultChannelPipeline$HeadContext.bind(DefaultChannelPipeline.java:1345)
	at io.netty.channel.AbstractChannelHandlerContext.invokeBind(AbstractChannelHandlerContext.java:503)
	at io.netty.channel.AbstractChannelHandlerContext.bind(AbstractChannelHandlerContext.java:488)
	at io.netty.channel.DefaultChannelPipeline.bind(DefaultChannelPipeline.java:984)
	at io.netty.channel.AbstractChannel.bind(AbstractChannel.java:247)
	at io.netty.bootstrap.AbstractBootstrap$2.run(AbstractBootstrap.java:355)
	at io.netty.util.concurrent.AbstractEventExecutor.safeExecute$$$capture(AbstractEventExecutor.java:163)
	at io.netty.util.concurrent.AbstractEventExecutor.safeExecute(AbstractEventExecutor.java)
	at io.netty.util.concurrent.SingleThreadEventExecutor.runAllTasks(SingleThreadEventExecutor.java:416)
	at io.netty.channel.nio.NioEventLoop.run(NioEventLoop.java:515)
	at io.netty.util.concurrent.SingleThreadEventExecutor$5.run(SingleThreadEventExecutor.java:918)
	at io.netty.util.internal.ThreadExecutorMap$2.run(ThreadExecutorMap.java:74)
	at io.netty.util.concurrent.FastThreadLocalRunnable.run(FastThreadLocalRunnable.java:30)
	at java.lang.Thread.run(Thread.java:748)
2022-04-08 15:50:32,745 [main] ERROR [org.springframework.boot.SpringApplication] SpringApplication.java:823 - Application run failed
java.lang.IllegalStateException: Failed to execute ApplicationRunner
	at org.springframework.boot.SpringApplication.callRunner(SpringApplication.java:775)
	at org.springframework.boot.SpringApplication.callRunners(SpringApplication.java:762)
	at org.springframework.boot.SpringApplication.run(SpringApplication.java:319)
	at org.springframework.boot.SpringApplication.run(SpringApplication.java:1215)
	at org.springframework.boot.SpringApplication.run(SpringApplication.java:1204)
	at com.takeoff.iot.modbus.App.main(App.java:9)
Caused by: java.nio.channels.ClosedChannelException: null
	at io.netty.channel.AbstractChannel$AbstractUnsafe.newClosedChannelException(AbstractChannel.java:955)
	at io.netty.channel.AbstractChannel$AbstractUnsafe.ensureOpen(AbstractChannel.java:974)
	at io.netty.channel.AbstractChannel$AbstractUnsafe.bind(AbstractChannel.java:532)
	at io.netty.channel.DefaultChannelPipeline$HeadContext.bind(DefaultChannelPipeline.java:1345)
	at io.netty.channel.AbstractChannelHandlerContext.invokeBind(AbstractChannelHandlerContext.java:503)
	at io.netty.channel.AbstractChannelHandlerContext.bind(AbstractChannelHandlerContext.java:488)
	at io.netty.channel.DefaultChannelPipeline.bind(DefaultChannelPipeline.java:984)
	at io.netty.channel.AbstractChannel.bind(AbstractChannel.java:247)
	at io.netty.bootstrap.AbstractBootstrap$2.run(AbstractBootstrap.java:355)
	at io.netty.util.concurrent.AbstractEventExecutor.safeExecute$$$capture(AbstractEventExecutor.java:163)
	at io.netty.util.concurrent.AbstractEventExecutor.safeExecute(AbstractEventExecutor.java)
	at io.netty.util.concurrent.SingleThreadEventExecutor.runAllTasks(SingleThreadEventExecutor.java:416)
	at io.netty.channel.nio.NioEventLoop.run(NioEventLoop.java:515)
	at io.netty.util.concurrent.SingleThreadEventExecutor$5.run(SingleThreadEventExecutor.java:918)
	at io.netty.util.internal.ThreadExecutorMap$2.run(ThreadExecutorMap.java:74)
	at io.netty.util.concurrent.FastThreadLocalRunnable.run(FastThreadLocalRunnable.java:30)
	at java.lang.Thread.run(Thread.java:748)
2022-04-08 15:50:41,748 [main] ERROR [org.springframework.boot.SpringApplication] SpringApplication.java:823 - Application run failed
java.lang.IllegalStateException: Failed to execute ApplicationRunner
	at org.springframework.boot.SpringApplication.callRunner(SpringApplication.java:775)
	at org.springframework.boot.SpringApplication.callRunners(SpringApplication.java:762)
	at org.springframework.boot.SpringApplication.run(SpringApplication.java:319)
	at org.springframework.boot.SpringApplication.run(SpringApplication.java:1215)
	at org.springframework.boot.SpringApplication.run(SpringApplication.java:1204)
	at com.takeoff.iot.modbus.App.main(App.java:9)
Caused by: java.nio.channels.ClosedChannelException: null
	at io.netty.channel.AbstractChannel$AbstractUnsafe.newClosedChannelException(AbstractChannel.java:955)
	at io.netty.channel.AbstractChannel$AbstractUnsafe.ensureOpen(AbstractChannel.java:974)
	at io.netty.channel.AbstractChannel$AbstractUnsafe.bind(AbstractChannel.java:532)
	at io.netty.channel.DefaultChannelPipeline$HeadContext.bind(DefaultChannelPipeline.java:1345)
	at io.netty.channel.AbstractChannelHandlerContext.invokeBind(AbstractChannelHandlerContext.java:503)
	at io.netty.channel.AbstractChannelHandlerContext.bind(AbstractChannelHandlerContext.java:488)
	at io.netty.channel.DefaultChannelPipeline.bind(DefaultChannelPipeline.java:984)
	at io.netty.channel.AbstractChannel.bind(AbstractChannel.java:247)
	at io.netty.bootstrap.AbstractBootstrap$2.run(AbstractBootstrap.java:355)
	at io.netty.util.concurrent.AbstractEventExecutor.safeExecute$$$capture(AbstractEventExecutor.java:163)
	at io.netty.util.concurrent.AbstractEventExecutor.safeExecute(AbstractEventExecutor.java)
	at io.netty.util.concurrent.SingleThreadEventExecutor.runAllTasks(SingleThreadEventExecutor.java:416)
	at io.netty.channel.nio.NioEventLoop.run(NioEventLoop.java:515)
	at io.netty.util.concurrent.SingleThreadEventExecutor$5.run(SingleThreadEventExecutor.java:918)
	at io.netty.util.internal.ThreadExecutorMap$2.run(ThreadExecutorMap.java:74)
	at io.netty.util.concurrent.FastThreadLocalRunnable.run(FastThreadLocalRunnable.java:30)
	at java.lang.Thread.run(Thread.java:748)
2022-04-08 15:51:28,607 [main] ERROR [org.springframework.boot.SpringApplication] SpringApplication.java:823 - Application run failed
java.lang.IllegalStateException: Failed to execute ApplicationRunner
	at org.springframework.boot.SpringApplication.callRunner(SpringApplication.java:775)
	at org.springframework.boot.SpringApplication.callRunners(SpringApplication.java:762)
	at org.springframework.boot.SpringApplication.run(SpringApplication.java:319)
	at org.springframework.boot.SpringApplication.run(SpringApplication.java:1215)
	at org.springframework.boot.SpringApplication.run(SpringApplication.java:1204)
	at com.takeoff.iot.modbus.App.main(App.java:9)
Caused by: java.nio.channels.ClosedChannelException: null
	at io.netty.channel.AbstractChannel$AbstractUnsafe.newClosedChannelException(AbstractChannel.java:955)
	at io.netty.channel.AbstractChannel$AbstractUnsafe.ensureOpen(AbstractChannel.java:974)
	at io.netty.channel.AbstractChannel$AbstractUnsafe.bind(AbstractChannel.java:532)
	at io.netty.channel.DefaultChannelPipeline$HeadContext.bind(DefaultChannelPipeline.java:1345)
	at io.netty.channel.AbstractChannelHandlerContext.invokeBind(AbstractChannelHandlerContext.java:503)
	at io.netty.channel.AbstractChannelHandlerContext.bind(AbstractChannelHandlerContext.java:488)
	at io.netty.channel.DefaultChannelPipeline.bind(DefaultChannelPipeline.java:984)
	at io.netty.channel.AbstractChannel.bind(AbstractChannel.java:247)
	at io.netty.bootstrap.AbstractBootstrap$2.run(AbstractBootstrap.java:355)
	at io.netty.util.concurrent.AbstractEventExecutor.safeExecute$$$capture(AbstractEventExecutor.java:163)
	at io.netty.util.concurrent.AbstractEventExecutor.safeExecute(AbstractEventExecutor.java)
	at io.netty.util.concurrent.SingleThreadEventExecutor.runAllTasks(SingleThreadEventExecutor.java:416)
	at io.netty.channel.nio.NioEventLoop.run(NioEventLoop.java:515)
	at io.netty.util.concurrent.SingleThreadEventExecutor$5.run(SingleThreadEventExecutor.java:918)
	at io.netty.util.internal.ThreadExecutorMap$2.run(ThreadExecutorMap.java:74)
	at io.netty.util.concurrent.FastThreadLocalRunnable.run(FastThreadLocalRunnable.java:30)
	at java.lang.Thread.run(Thread.java:748)
2022-04-08 17:04:53,977 [main] ERROR [org.springframework.boot.SpringApplication] SpringApplication.java:823 - Application run failed
java.lang.IllegalStateException: Failed to execute ApplicationRunner
	at org.springframework.boot.SpringApplication.callRunner(SpringApplication.java:775)
	at org.springframework.boot.SpringApplication.callRunners(SpringApplication.java:762)
	at org.springframework.boot.SpringApplication.run(SpringApplication.java:319)
	at org.springframework.boot.SpringApplication.run(SpringApplication.java:1215)
	at org.springframework.boot.SpringApplication.run(SpringApplication.java:1204)
	at com.takeoff.iot.modbus.App.main(App.java:9)
Caused by: java.lang.IllegalArgumentException: hostname can't be null
	at java.net.InetSocketAddress.checkHost(InetSocketAddress.java:149)
	at java.net.InetSocketAddress.<init>(InetSocketAddress.java:216)
	at io.netty.util.internal.SocketUtils$10.run(SocketUtils.java:171)
	at io.netty.util.internal.SocketUtils$10.run(SocketUtils.java:168)
	at java.security.AccessController.doPrivileged(Native Method)
	at io.netty.util.internal.SocketUtils.socketAddress(SocketUtils.java:168)
	at io.netty.bootstrap.AbstractBootstrap.bind(AbstractBootstrap.java:252)
	at com.takeoff.iot.modbus.server.MiiUdpServer.start(MiiUdpServer.java:105)
	at com.takeoff.iot.modbus.aggregate.config.IotModbusServerConfig.run(IotModbusServerConfig.java:61)
	at org.springframework.boot.SpringApplication.callRunner(SpringApplication.java:772)
	... 5 common frames omitted
2022-04-08 17:09:02,814 [main] ERROR [org.springframework.boot.SpringApplication] SpringApplication.java:823 - Application run failed
java.lang.IllegalStateException: Failed to execute ApplicationRunner
	at org.springframework.boot.SpringApplication.callRunner(SpringApplication.java:775)
	at org.springframework.boot.SpringApplication.callRunners(SpringApplication.java:762)
	at org.springframework.boot.SpringApplication.run(SpringApplication.java:319)
	at org.springframework.boot.SpringApplication.run(SpringApplication.java:1215)
	at org.springframework.boot.SpringApplication.run(SpringApplication.java:1204)
	at com.takeoff.iot.modbus.App.main(App.java:9)
Caused by: java.lang.IllegalArgumentException: hostname can't be null
	at java.net.InetSocketAddress.checkHost(InetSocketAddress.java:149)
	at java.net.InetSocketAddress.<init>(InetSocketAddress.java:216)
	at io.netty.util.internal.SocketUtils$10.run(SocketUtils.java:171)
	at io.netty.util.internal.SocketUtils$10.run(SocketUtils.java:168)
	at java.security.AccessController.doPrivileged(Native Method)
	at io.netty.util.internal.SocketUtils.socketAddress(SocketUtils.java:168)
	at io.netty.bootstrap.AbstractBootstrap.bind(AbstractBootstrap.java:252)
	at com.takeoff.iot.modbus.server.MiiUdpServer.start(MiiUdpServer.java:107)
	at com.takeoff.iot.modbus.aggregate.config.IotModbusServerConfig.run(IotModbusServerConfig.java:61)
	at org.springframework.boot.SpringApplication.callRunner(SpringApplication.java:772)
	... 5 common frames omitted
2022-04-08 17:09:49,119 [main] ERROR [org.springframework.boot.SpringApplication] SpringApplication.java:823 - Application run failed
java.lang.IllegalStateException: Failed to execute ApplicationRunner
	at org.springframework.boot.SpringApplication.callRunner(SpringApplication.java:775)
	at org.springframework.boot.SpringApplication.callRunners(SpringApplication.java:762)
	at org.springframework.boot.SpringApplication.run(SpringApplication.java:319)
	at org.springframework.boot.SpringApplication.run(SpringApplication.java:1215)
	at org.springframework.boot.SpringApplication.run(SpringApplication.java:1204)
	at com.takeoff.iot.modbus.App.main(App.java:9)
Caused by: java.lang.IllegalArgumentException: hostname can't be null
	at java.net.InetSocketAddress.checkHost(InetSocketAddress.java:149)
	at java.net.InetSocketAddress.<init>(InetSocketAddress.java:216)
	at io.netty.util.internal.SocketUtils$10.run(SocketUtils.java:171)
	at io.netty.util.internal.SocketUtils$10.run(SocketUtils.java:168)
	at java.security.AccessController.doPrivileged(Native Method)
	at io.netty.util.internal.SocketUtils.socketAddress(SocketUtils.java:168)
	at io.netty.bootstrap.AbstractBootstrap.bind(AbstractBootstrap.java:252)
	at com.takeoff.iot.modbus.server.MiiUdpServer.start(MiiUdpServer.java:107)
	at com.takeoff.iot.modbus.aggregate.config.IotModbusServerConfig.run(IotModbusServerConfig.java:61)
	at org.springframework.boot.SpringApplication.callRunner(SpringApplication.java:772)
	... 5 common frames omitted
