2022-04-10 00:00:32,815 [main] INFO  [com.takeoff.iot.modbus.App] StartupInfoLogger.java:50 - Starting App on DESKTOP-B3V2UV3 with PID 10764 (I:\iotgate\DataGateway\iot-modbus-web\target\classes started by 86768 in I:\iotgate\DataGateway)
2022-04-10 00:00:32,823 [main] INFO  [com.takeoff.iot.modbus.App] SpringApplication.java:648 - No active profile set, falling back to default profiles: default
2022-04-10 00:00:33,415 [main] INFO  [o.s.d.r.config.RepositoryConfigurationDelegate] RepositoryConfigurationDelegate.java:244 - Multiple Spring Data modules found, entering strict repository configuration mode!
2022-04-10 00:00:33,417 [main] INFO  [o.s.d.r.config.RepositoryConfigurationDelegate] RepositoryConfigurationDelegate.java:126 - Bootstrapping Spring Data repositories in DEFAULT mode.
2022-04-10 00:00:33,478 [main] INFO  [o.s.d.r.config.RepositoryConfigurationDelegate] RepositoryConfigurationDelegate.java:182 - Finished Spring Data repository scanning in 47ms. Found 0 repository interfaces.
2022-04-10 00:00:33,950 [main] INFO  [o.s.boot.web.embedded.tomcat.TomcatWebServer] TomcatWebServer.java:90 - Tomcat initialized with port(s): 8080 (http)
2022-04-10 00:00:33,963 [main] INFO  [org.apache.coyote.http11.Http11NioProtocol] DirectJDKLog.java:173 - Initializing ProtocolHandler ["http-nio-8080"]
2022-04-10 00:00:33,971 [main] INFO  [org.apache.catalina.core.StandardService] DirectJDKLog.java:173 - Starting service [Tomcat]
2022-04-10 00:00:33,972 [main] INFO  [org.apache.catalina.core.StandardEngine] DirectJDKLog.java:173 - Starting Servlet engine: [Apache Tomcat/9.0.24]
2022-04-10 00:00:34,150 [main] INFO  [o.a.c.c.C.[Tomcat].[localhost].[/iot-modbus-web]] DirectJDKLog.java:173 - Initializing Spring embedded WebApplicationContext
2022-04-10 00:00:34,151 [main] INFO  [org.springframework.web.context.ContextLoader] ServletWebServerApplicationContext.java:284 - Root WebApplicationContext: initialization completed in 1293 ms
2022-04-10 00:00:34,405 [main] INFO  [o.s.scheduling.concurrent.ThreadPoolTaskExecutor] ExecutorConfigurationSupport.java:171 - Initializing ExecutorService 'applicationTaskExecutor'
2022-04-10 00:00:34,536 [main] WARN  [o.s.b.a.t.ThymeleafAutoConfiguration$DefaultTemplateResolverConfiguration] ThymeleafAutoConfiguration.java:106 - Cannot find template location: classpath:/templates/ (please add some templates or check your Thymeleaf configuration)
2022-04-10 00:00:34,853 [main] INFO  [org.apache.coyote.http11.Http11NioProtocol] DirectJDKLog.java:173 - Starting ProtocolHandler ["http-nio-8080"]
2022-04-10 00:00:34,876 [main] INFO  [o.s.boot.web.embedded.tomcat.TomcatWebServer] TomcatWebServer.java:202 - Tomcat started on port(s): 8080 (http) with context path '/iot-modbus-web'
2022-04-10 00:00:34,879 [main] INFO  [com.takeoff.iot.modbus.App] StartupInfoLogger.java:59 - Started App in 2.582 seconds (JVM running for 3.375)
2022-04-10 00:00:38,504 [nioEventLoopGroup-4-1] INFO  [io.netty.handler.logging.LoggingHandler] AbstractInternalLogger.java:150 - [id: 0xc60ed145] REGISTERED
2022-04-10 00:00:38,507 [nioEventLoopGroup-4-1] INFO  [io.netty.handler.logging.LoggingHandler] AbstractInternalLogger.java:150 - [id: 0xc60ed145] BIND: 0.0.0.0/0.0.0.0:4000
2022-04-10 00:00:44,732 [nioEventLoopGroup-4-1] INFO  [io.netty.handler.logging.LoggingHandler] AbstractInternalLogger.java:150 - [id: 0xc60ed145, L:/0:0:0:0:0:0:0:0:4000] ACTIVE
2022-04-10 00:01:11,266 [nioEventLoopGroup-6-1] WARN  [io.netty.channel.DefaultChannelPipeline] DefaultChannelPipeline.java:1163 - An exceptionCaught() event was fired, and it reached at the tail of the pipeline. It usually means the last handler in the pipeline did not handle the exception.
java.lang.UnsupportedOperationException: direct buffer
	at io.netty.buffer.UnpooledDirectByteBuf.array(UnpooledDirectByteBuf.java:198)
	at com.takeoff.iot.modbus.netty.handle.UdpServerHandler.channelRead0(UdpServerHandler.java:60)
	at com.takeoff.iot.modbus.netty.handle.UdpServerHandler.channelRead0(UdpServerHandler.java:25)
	at io.netty.channel.SimpleChannelInboundHandler.channelRead(SimpleChannelInboundHandler.java:105)
	at io.netty.channel.AbstractChannelHandlerContext.invokeChannelRead(AbstractChannelHandlerContext.java:374)
	at io.netty.channel.AbstractChannelHandlerContext.invokeChannelRead(AbstractChannelHandlerContext.java:360)
	at io.netty.channel.AbstractChannelHandlerContext.fireChannelRead(AbstractChannelHandlerContext.java:352)
	at io.netty.channel.DefaultChannelPipeline$HeadContext.channelRead(DefaultChannelPipeline.java:1421)
	at io.netty.channel.AbstractChannelHandlerContext.invokeChannelRead(AbstractChannelHandlerContext.java:374)
	at io.netty.channel.AbstractChannelHandlerContext.invokeChannelRead(AbstractChannelHandlerContext.java:360)
	at io.netty.channel.DefaultChannelPipeline.fireChannelRead(DefaultChannelPipeline.java:930)
	at io.netty.channel.nio.AbstractNioMessageChannel$NioMessageUnsafe.read(AbstractNioMessageChannel.java:93)
	at io.netty.channel.nio.NioEventLoop.processSelectedKey(NioEventLoop.java:697)
	at io.netty.channel.nio.NioEventLoop.processSelectedKeysOptimized(NioEventLoop.java:632)
	at io.netty.channel.nio.NioEventLoop.processSelectedKeys(NioEventLoop.java:549)
	at io.netty.channel.nio.NioEventLoop.run(NioEventLoop.java:511)
	at io.netty.util.concurrent.SingleThreadEventExecutor$5.run(SingleThreadEventExecutor.java:918)
	at io.netty.util.internal.ThreadExecutorMap$2.run(ThreadExecutorMap.java:74)
	at io.netty.util.concurrent.FastThreadLocalRunnable.run(FastThreadLocalRunnable.java:30)
	at java.lang.Thread.run(Thread.java:748)
2022-04-10 00:04:26,975 [Thread-10] INFO  [o.s.scheduling.concurrent.ThreadPoolTaskExecutor] ExecutorConfigurationSupport.java:208 - Shutting down ExecutorService 'applicationTaskExecutor'
2022-04-10 00:04:34,022 [main] INFO  [com.takeoff.iot.modbus.App] StartupInfoLogger.java:50 - Starting App on DESKTOP-B3V2UV3 with PID 1848 (I:\iotgate\DataGateway\iot-modbus-web\target\classes started by 86768 in I:\iotgate\DataGateway)
2022-04-10 00:04:34,025 [main] INFO  [com.takeoff.iot.modbus.App] SpringApplication.java:648 - No active profile set, falling back to default profiles: default
2022-04-10 00:04:34,579 [main] INFO  [o.s.d.r.config.RepositoryConfigurationDelegate] RepositoryConfigurationDelegate.java:244 - Multiple Spring Data modules found, entering strict repository configuration mode!
2022-04-10 00:04:34,580 [main] INFO  [o.s.d.r.config.RepositoryConfigurationDelegate] RepositoryConfigurationDelegate.java:126 - Bootstrapping Spring Data repositories in DEFAULT mode.
2022-04-10 00:04:34,636 [main] INFO  [o.s.d.r.config.RepositoryConfigurationDelegate] RepositoryConfigurationDelegate.java:182 - Finished Spring Data repository scanning in 44ms. Found 0 repository interfaces.
2022-04-10 00:04:35,088 [main] INFO  [o.s.boot.web.embedded.tomcat.TomcatWebServer] TomcatWebServer.java:90 - Tomcat initialized with port(s): 8080 (http)
2022-04-10 00:04:35,100 [main] INFO  [org.apache.coyote.http11.Http11NioProtocol] DirectJDKLog.java:173 - Initializing ProtocolHandler ["http-nio-8080"]
2022-04-10 00:04:35,109 [main] INFO  [org.apache.catalina.core.StandardService] DirectJDKLog.java:173 - Starting service [Tomcat]
2022-04-10 00:04:35,110 [main] INFO  [org.apache.catalina.core.StandardEngine] DirectJDKLog.java:173 - Starting Servlet engine: [Apache Tomcat/9.0.24]
2022-04-10 00:04:35,271 [main] INFO  [o.a.c.c.C.[Tomcat].[localhost].[/iot-modbus-web]] DirectJDKLog.java:173 - Initializing Spring embedded WebApplicationContext
2022-04-10 00:04:35,272 [main] INFO  [org.springframework.web.context.ContextLoader] ServletWebServerApplicationContext.java:284 - Root WebApplicationContext: initialization completed in 1180 ms
2022-04-10 00:04:35,515 [main] INFO  [o.s.scheduling.concurrent.ThreadPoolTaskExecutor] ExecutorConfigurationSupport.java:171 - Initializing ExecutorService 'applicationTaskExecutor'
2022-04-10 00:04:35,639 [main] WARN  [o.s.b.a.t.ThymeleafAutoConfiguration$DefaultTemplateResolverConfiguration] ThymeleafAutoConfiguration.java:106 - Cannot find template location: classpath:/templates/ (please add some templates or check your Thymeleaf configuration)
2022-04-10 00:04:35,956 [main] INFO  [org.apache.coyote.http11.Http11NioProtocol] DirectJDKLog.java:173 - Starting ProtocolHandler ["http-nio-8080"]
2022-04-10 00:04:35,982 [main] INFO  [o.s.boot.web.embedded.tomcat.TomcatWebServer] TomcatWebServer.java:202 - Tomcat started on port(s): 8080 (http) with context path '/iot-modbus-web'
2022-04-10 00:04:35,985 [main] INFO  [com.takeoff.iot.modbus.App] StartupInfoLogger.java:59 - Started App in 2.401 seconds (JVM running for 3.18)
2022-04-10 00:04:38,630 [nioEventLoopGroup-4-1] INFO  [io.netty.handler.logging.LoggingHandler] AbstractInternalLogger.java:150 - [id: 0xcffd7b61] REGISTERED
2022-04-10 00:04:38,632 [nioEventLoopGroup-4-1] INFO  [io.netty.handler.logging.LoggingHandler] AbstractInternalLogger.java:150 - [id: 0xcffd7b61] BIND: 0.0.0.0/0.0.0.0:4000
2022-04-10 00:04:38,637 [nioEventLoopGroup-4-1] INFO  [io.netty.handler.logging.LoggingHandler] AbstractInternalLogger.java:150 - [id: 0xcffd7b61, L:/0:0:0:0:0:0:0:0:4000] ACTIVE
2022-04-10 00:04:48,847 [nioEventLoopGroup-6-1] WARN  [io.netty.channel.DefaultChannelPipeline] DefaultChannelPipeline.java:1163 - An exceptionCaught() event was fired, and it reached at the tail of the pipeline. It usually means the last handler in the pipeline did not handle the exception.
java.lang.UnsupportedOperationException: direct buffer
	at io.netty.buffer.UnpooledDirectByteBuf.array(UnpooledDirectByteBuf.java:198)
	at com.takeoff.iot.modbus.netty.handle.UdpServerHandler.channelRead0(UdpServerHandler.java:60)
	at com.takeoff.iot.modbus.netty.handle.UdpServerHandler.channelRead0(UdpServerHandler.java:25)
	at io.netty.channel.SimpleChannelInboundHandler.channelRead(SimpleChannelInboundHandler.java:105)
	at io.netty.channel.AbstractChannelHandlerContext.invokeChannelRead(AbstractChannelHandlerContext.java:374)
	at io.netty.channel.AbstractChannelHandlerContext.invokeChannelRead(AbstractChannelHandlerContext.java:360)
	at io.netty.channel.AbstractChannelHandlerContext.fireChannelRead(AbstractChannelHandlerContext.java:352)
	at io.netty.channel.DefaultChannelPipeline$HeadContext.channelRead(DefaultChannelPipeline.java:1421)
	at io.netty.channel.AbstractChannelHandlerContext.invokeChannelRead(AbstractChannelHandlerContext.java:374)
	at io.netty.channel.AbstractChannelHandlerContext.invokeChannelRead(AbstractChannelHandlerContext.java:360)
	at io.netty.channel.DefaultChannelPipeline.fireChannelRead(DefaultChannelPipeline.java:930)
	at io.netty.channel.nio.AbstractNioMessageChannel$NioMessageUnsafe.read(AbstractNioMessageChannel.java:93)
	at io.netty.channel.nio.NioEventLoop.processSelectedKey(NioEventLoop.java:697)
	at io.netty.channel.nio.NioEventLoop.processSelectedKeysOptimized(NioEventLoop.java:632)
	at io.netty.channel.nio.NioEventLoop.processSelectedKeys(NioEventLoop.java:549)
	at io.netty.channel.nio.NioEventLoop.run(NioEventLoop.java:511)
	at io.netty.util.concurrent.SingleThreadEventExecutor$5.run(SingleThreadEventExecutor.java:918)
	at io.netty.util.internal.ThreadExecutorMap$2.run(ThreadExecutorMap.java:74)
	at io.netty.util.concurrent.FastThreadLocalRunnable.run(FastThreadLocalRunnable.java:30)
	at java.lang.Thread.run(Thread.java:748)
2022-04-10 00:05:05,875 [nioEventLoopGroup-7-1] WARN  [io.netty.channel.DefaultChannelPipeline] DefaultChannelPipeline.java:1163 - An exceptionCaught() event was fired, and it reached at the tail of the pipeline. It usually means the last handler in the pipeline did not handle the exception.
java.lang.UnsupportedOperationException: direct buffer
	at io.netty.buffer.UnpooledDirectByteBuf.array(UnpooledDirectByteBuf.java:198)
	at com.takeoff.iot.modbus.netty.handle.UdpServerHandler.channelRead0(UdpServerHandler.java:60)
	at com.takeoff.iot.modbus.netty.handle.UdpServerHandler.channelRead0(UdpServerHandler.java:25)
	at io.netty.channel.SimpleChannelInboundHandler.channelRead(SimpleChannelInboundHandler.java:105)
	at io.netty.channel.AbstractChannelHandlerContext.invokeChannelRead(AbstractChannelHandlerContext.java:374)
	at io.netty.channel.AbstractChannelHandlerContext.invokeChannelRead(AbstractChannelHandlerContext.java:360)
	at io.netty.channel.AbstractChannelHandlerContext.fireChannelRead(AbstractChannelHandlerContext.java:352)
	at io.netty.channel.DefaultChannelPipeline$HeadContext.channelRead(DefaultChannelPipeline.java:1421)
	at io.netty.channel.AbstractChannelHandlerContext.invokeChannelRead(AbstractChannelHandlerContext.java:374)
	at io.netty.channel.AbstractChannelHandlerContext.invokeChannelRead(AbstractChannelHandlerContext.java:360)
	at io.netty.channel.DefaultChannelPipeline.fireChannelRead(DefaultChannelPipeline.java:930)
	at io.netty.channel.nio.AbstractNioMessageChannel$NioMessageUnsafe.read(AbstractNioMessageChannel.java:93)
	at io.netty.channel.nio.NioEventLoop.processSelectedKey(NioEventLoop.java:697)
	at io.netty.channel.nio.NioEventLoop.processSelectedKeysOptimized(NioEventLoop.java:632)
	at io.netty.channel.nio.NioEventLoop.processSelectedKeys(NioEventLoop.java:549)
	at io.netty.channel.nio.NioEventLoop.run(NioEventLoop.java:511)
	at io.netty.util.concurrent.SingleThreadEventExecutor$5.run(SingleThreadEventExecutor.java:918)
	at io.netty.util.internal.ThreadExecutorMap$2.run(ThreadExecutorMap.java:74)
	at io.netty.util.concurrent.FastThreadLocalRunnable.run(FastThreadLocalRunnable.java:30)
	at java.lang.Thread.run(Thread.java:748)
2022-04-10 00:05:07,148 [Thread-9] INFO  [o.s.scheduling.concurrent.ThreadPoolTaskExecutor] ExecutorConfigurationSupport.java:208 - Shutting down ExecutorService 'applicationTaskExecutor'
2022-04-10 00:08:08,377 [main] INFO  [com.takeoff.iot.modbus.App] StartupInfoLogger.java:50 - Starting App on DESKTOP-B3V2UV3 with PID 14168 (I:\iotgate\DataGateway\iot-modbus-web\target\classes started by 86768 in I:\iotgate\DataGateway)
2022-04-10 00:08:08,379 [main] INFO  [com.takeoff.iot.modbus.App] SpringApplication.java:648 - No active profile set, falling back to default profiles: default
2022-04-10 00:08:08,937 [main] INFO  [o.s.d.r.config.RepositoryConfigurationDelegate] RepositoryConfigurationDelegate.java:244 - Multiple Spring Data modules found, entering strict repository configuration mode!
2022-04-10 00:08:08,939 [main] INFO  [o.s.d.r.config.RepositoryConfigurationDelegate] RepositoryConfigurationDelegate.java:126 - Bootstrapping Spring Data repositories in DEFAULT mode.
2022-04-10 00:08:09,010 [main] INFO  [o.s.d.r.config.RepositoryConfigurationDelegate] RepositoryConfigurationDelegate.java:182 - Finished Spring Data repository scanning in 59ms. Found 0 repository interfaces.
2022-04-10 00:08:09,469 [main] INFO  [o.s.boot.web.embedded.tomcat.TomcatWebServer] TomcatWebServer.java:90 - Tomcat initialized with port(s): 8080 (http)
2022-04-10 00:08:09,483 [main] INFO  [org.apache.coyote.http11.Http11NioProtocol] DirectJDKLog.java:173 - Initializing ProtocolHandler ["http-nio-8080"]
2022-04-10 00:08:09,492 [main] INFO  [org.apache.catalina.core.StandardService] DirectJDKLog.java:173 - Starting service [Tomcat]
2022-04-10 00:08:09,492 [main] INFO  [org.apache.catalina.core.StandardEngine] DirectJDKLog.java:173 - Starting Servlet engine: [Apache Tomcat/9.0.24]
2022-04-10 00:08:09,653 [main] INFO  [o.a.c.c.C.[Tomcat].[localhost].[/iot-modbus-web]] DirectJDKLog.java:173 - Initializing Spring embedded WebApplicationContext
2022-04-10 00:08:09,653 [main] INFO  [org.springframework.web.context.ContextLoader] ServletWebServerApplicationContext.java:284 - Root WebApplicationContext: initialization completed in 1206 ms
2022-04-10 00:08:09,898 [main] INFO  [o.s.scheduling.concurrent.ThreadPoolTaskExecutor] ExecutorConfigurationSupport.java:171 - Initializing ExecutorService 'applicationTaskExecutor'
2022-04-10 00:08:10,022 [main] WARN  [o.s.b.a.t.ThymeleafAutoConfiguration$DefaultTemplateResolverConfiguration] ThymeleafAutoConfiguration.java:106 - Cannot find template location: classpath:/templates/ (please add some templates or check your Thymeleaf configuration)
2022-04-10 00:08:10,326 [main] INFO  [org.apache.coyote.http11.Http11NioProtocol] DirectJDKLog.java:173 - Starting ProtocolHandler ["http-nio-8080"]
2022-04-10 00:08:10,348 [main] INFO  [o.s.boot.web.embedded.tomcat.TomcatWebServer] TomcatWebServer.java:202 - Tomcat started on port(s): 8080 (http) with context path '/iot-modbus-web'
2022-04-10 00:08:10,351 [main] INFO  [com.takeoff.iot.modbus.App] StartupInfoLogger.java:59 - Started App in 2.41 seconds (JVM running for 3.265)
2022-04-10 00:08:10,506 [nioEventLoopGroup-4-1] INFO  [io.netty.handler.logging.LoggingHandler] AbstractInternalLogger.java:150 - [id: 0xd4b0279c] REGISTERED
2022-04-10 00:08:10,507 [nioEventLoopGroup-4-1] INFO  [io.netty.handler.logging.LoggingHandler] AbstractInternalLogger.java:150 - [id: 0xd4b0279c] BIND: 0.0.0.0/0.0.0.0:4000
2022-04-10 00:08:10,511 [nioEventLoopGroup-4-1] INFO  [io.netty.handler.logging.LoggingHandler] AbstractInternalLogger.java:150 - [id: 0xd4b0279c, L:/0:0:0:0:0:0:0:0:4000] ACTIVE
2022-04-10 00:09:15,629 [Thread-9] INFO  [o.s.scheduling.concurrent.ThreadPoolTaskExecutor] ExecutorConfigurationSupport.java:208 - Shutting down ExecutorService 'applicationTaskExecutor'
2022-04-10 00:10:58,263 [main] INFO  [com.takeoff.iot.modbus.App] StartupInfoLogger.java:50 - Starting App on DESKTOP-B3V2UV3 with PID 3340 (I:\iotgate\DataGateway\iot-modbus-web\target\classes started by 86768 in I:\iotgate\DataGateway)
2022-04-10 00:10:58,266 [main] INFO  [com.takeoff.iot.modbus.App] SpringApplication.java:648 - No active profile set, falling back to default profiles: default
2022-04-10 00:10:58,821 [main] INFO  [o.s.d.r.config.RepositoryConfigurationDelegate] RepositoryConfigurationDelegate.java:244 - Multiple Spring Data modules found, entering strict repository configuration mode!
2022-04-10 00:10:58,823 [main] INFO  [o.s.d.r.config.RepositoryConfigurationDelegate] RepositoryConfigurationDelegate.java:126 - Bootstrapping Spring Data repositories in DEFAULT mode.
2022-04-10 00:10:58,878 [main] INFO  [o.s.d.r.config.RepositoryConfigurationDelegate] RepositoryConfigurationDelegate.java:182 - Finished Spring Data repository scanning in 44ms. Found 0 repository interfaces.
2022-04-10 00:10:59,336 [main] INFO  [o.s.boot.web.embedded.tomcat.TomcatWebServer] TomcatWebServer.java:90 - Tomcat initialized with port(s): 8080 (http)
2022-04-10 00:10:59,350 [main] INFO  [org.apache.coyote.http11.Http11NioProtocol] DirectJDKLog.java:173 - Initializing ProtocolHandler ["http-nio-8080"]
2022-04-10 00:10:59,359 [main] INFO  [org.apache.catalina.core.StandardService] DirectJDKLog.java:173 - Starting service [Tomcat]
2022-04-10 00:10:59,359 [main] INFO  [org.apache.catalina.core.StandardEngine] DirectJDKLog.java:173 - Starting Servlet engine: [Apache Tomcat/9.0.24]
2022-04-10 00:10:59,521 [main] INFO  [o.a.c.c.C.[Tomcat].[localhost].[/iot-modbus-web]] DirectJDKLog.java:173 - Initializing Spring embedded WebApplicationContext
2022-04-10 00:10:59,521 [main] INFO  [org.springframework.web.context.ContextLoader] ServletWebServerApplicationContext.java:284 - Root WebApplicationContext: initialization completed in 1189 ms
2022-04-10 00:10:59,765 [main] INFO  [o.s.scheduling.concurrent.ThreadPoolTaskExecutor] ExecutorConfigurationSupport.java:171 - Initializing ExecutorService 'applicationTaskExecutor'
2022-04-10 00:10:59,892 [main] WARN  [o.s.b.a.t.ThymeleafAutoConfiguration$DefaultTemplateResolverConfiguration] ThymeleafAutoConfiguration.java:106 - Cannot find template location: classpath:/templates/ (please add some templates or check your Thymeleaf configuration)
2022-04-10 00:11:00,208 [main] INFO  [org.apache.coyote.http11.Http11NioProtocol] DirectJDKLog.java:173 - Starting ProtocolHandler ["http-nio-8080"]
2022-04-10 00:11:00,232 [main] INFO  [o.s.boot.web.embedded.tomcat.TomcatWebServer] TomcatWebServer.java:202 - Tomcat started on port(s): 8080 (http) with context path '/iot-modbus-web'
2022-04-10 00:11:00,234 [main] INFO  [com.takeoff.iot.modbus.App] StartupInfoLogger.java:59 - Started App in 2.429 seconds (JVM running for 3.24)
2022-04-10 00:11:00,387 [nioEventLoopGroup-4-1] INFO  [io.netty.handler.logging.LoggingHandler] AbstractInternalLogger.java:150 - [id: 0xc08e27f0] REGISTERED
2022-04-10 00:11:00,389 [nioEventLoopGroup-4-1] INFO  [io.netty.handler.logging.LoggingHandler] AbstractInternalLogger.java:150 - [id: 0xc08e27f0] BIND: 0.0.0.0/0.0.0.0:4000
2022-04-10 00:11:00,393 [nioEventLoopGroup-4-1] INFO  [io.netty.handler.logging.LoggingHandler] AbstractInternalLogger.java:150 - [id: 0xc08e27f0, L:/0:0:0:0:0:0:0:0:4000] ACTIVE
2022-04-10 00:11:26,317 [Thread-9] INFO  [o.s.scheduling.concurrent.ThreadPoolTaskExecutor] ExecutorConfigurationSupport.java:208 - Shutting down ExecutorService 'applicationTaskExecutor'
